<?xml version="1.0" encoding="UTF-8"?>
<!-- Generated by org.testng.reporters.JUnitReportReporter -->
<testsuite hostname="DESKTOP-7HBVT40" failures="0" tests="1" name="testCases.TC_002_LoginTest" time="2.998" errors="0" timestamp="2024-07-05T08:57:02 IST" skipped="0">
  <testcase classname="testCases.TC_002_LoginTest" name="verify_login" time="2.998"/>
</testsuite> <!-- testCases.TC_002_LoginTest -->
